<?xml version="1.0" encoding="UTF-8"?>
<testng-results skipped="0" failed="0" ignored="0" total="3" passed="3">
  <reporter-output>
  </reporter-output>
  <suite name="Default suite" duration-ms="17111" started-at="2021-11-26T06:32:29Z" finished-at="2021-11-26T06:32:46Z">
    <groups>
    </groups>
    <test name="Default test" duration-ms="17111" started-at="2021-11-26T06:32:29Z" finished-at="2021-11-26T06:32:46Z">
      <class name="Login_module.screenshot">
        <test-method status="PASS" signature="Start()[pri:0, instance:Login_module.screenshot@6e06451e]" name="Start" duration-ms="15012" started-at="2021-11-26T06:32:29Z" finished-at="2021-11-26T06:32:44Z">
          <reporter-output>
          </reporter-output>
        </test-method> <!-- Start -->
        <test-method status="PASS" signature="screenShot()[pri:0, instance:Login_module.screenshot@6e06451e]" name="screenShot" duration-ms="926" started-at="2021-11-26T06:32:44Z" finished-at="2021-11-26T06:32:45Z">
          <reporter-output>
          </reporter-output>
        </test-method> <!-- screenShot -->
        <test-method status="PASS" signature="webEle()[pri:0, instance:Login_module.screenshot@6e06451e]" name="webEle" duration-ms="817" started-at="2021-11-26T06:32:45Z" finished-at="2021-11-26T06:32:46Z">
          <reporter-output>
          </reporter-output>
        </test-method> <!-- webEle -->
      </class> <!-- Login_module.screenshot -->
    </test> <!-- Default test -->
  </suite> <!-- Default suite -->
</testng-results>
